Determining if the pthread_create exist failed with the following output:
Change Dir: /home/vlad/studies/tutorials/threads-control/connect-to-module/build-toolchain_for_desktop/CMakeFiles/CMakeTmp

Run Build Command:"/usr/bin/make" "cmTC_f0548/fast"
/usr/bin/make -f CMakeFiles/cmTC_f0548.dir/build.make CMakeFiles/cmTC_f0548.dir/build
make[1]: вход в каталог «/home/vlad/studies/tutorials/threads-control/connect-to-module/build-toolchain_for_desktop/CMakeFiles/CMakeTmp»
Building C object CMakeFiles/cmTC_f0548.dir/CheckSymbolExists.c.o
/usr/bin/cc     -o CMakeFiles/cmTC_f0548.dir/CheckSymbolExists.c.o   -c /home/vlad/studies/tutorials/threads-control/connect-to-module/build-toolchain_for_desktop/CMakeFiles/CMakeTmp/CheckSymbolExists.c
Linking C executable cmTC_f0548
/usr/bin/cmake -E cmake_link_script CMakeFiles/cmTC_f0548.dir/link.txt --verbose=1
/usr/bin/cc       CMakeFiles/cmTC_f0548.dir/CheckSymbolExists.c.o  -o cmTC_f0548 -rdynamic 
CMakeFiles/cmTC_f0548.dir/CheckSymbolExists.c.o: In function `main':
CheckSymbolExists.c:(.text+0x16): undefined reference to `pthread_create'
collect2: error: ld returned 1 exit status
CMakeFiles/cmTC_f0548.dir/build.make:97: ошибка выполнения рецепта для цели «cmTC_f0548»
make[1]: *** [cmTC_f0548] Ошибка 1
make[1]: выход из каталога «/home/vlad/studies/tutorials/threads-control/connect-to-module/build-toolchain_for_desktop/CMakeFiles/CMakeTmp»
Makefile:126: ошибка выполнения рецепта для цели «cmTC_f0548/fast»
make: *** [cmTC_f0548/fast] Ошибка 2

File /home/vlad/studies/tutorials/threads-control/connect-to-module/build-toolchain_for_desktop/CMakeFiles/CMakeTmp/CheckSymbolExists.c:
/* */
#include <pthread.h>

int main(int argc, char** argv)
{
  (void)argv;
#ifndef pthread_create
  return ((int*)(&pthread_create))[argc];
#else
  (void)argc;
  return 0;
#endif
}

Determining if the function pthread_create exists in the pthreads failed with the following output:
Change Dir: /home/vlad/studies/tutorials/threads-control/connect-to-module/build-toolchain_for_desktop/CMakeFiles/CMakeTmp

Run Build Command:"/usr/bin/make" "cmTC_f90b2/fast"
/usr/bin/make -f CMakeFiles/cmTC_f90b2.dir/build.make CMakeFiles/cmTC_f90b2.dir/build
make[1]: вход в каталог «/home/vlad/studies/tutorials/threads-control/connect-to-module/build-toolchain_for_desktop/CMakeFiles/CMakeTmp»
Building C object CMakeFiles/cmTC_f90b2.dir/CheckFunctionExists.c.o
/usr/bin/cc    -DCHECK_FUNCTION_EXISTS=pthread_create   -o CMakeFiles/cmTC_f90b2.dir/CheckFunctionExists.c.o   -c /usr/share/cmake-3.5/Modules/CheckFunctionExists.c
Linking C executable cmTC_f90b2
/usr/bin/cmake -E cmake_link_script CMakeFiles/cmTC_f90b2.dir/link.txt --verbose=1
/usr/bin/cc   -DCHECK_FUNCTION_EXISTS=pthread_create    CMakeFiles/cmTC_f90b2.dir/CheckFunctionExists.c.o  -o cmTC_f90b2 -rdynamic -lpthreads 
/usr/bin/ld: cannot find -lpthreads
collect2: error: ld returned 1 exit status
CMakeFiles/cmTC_f90b2.dir/build.make:97: ошибка выполнения рецепта для цели «cmTC_f90b2»
make[1]: *** [cmTC_f90b2] Ошибка 1
make[1]: выход из каталога «/home/vlad/studies/tutorials/threads-control/connect-to-module/build-toolchain_for_desktop/CMakeFiles/CMakeTmp»
Makefile:126: ошибка выполнения рецепта для цели «cmTC_f90b2/fast»
make: *** [cmTC_f90b2/fast] Ошибка 2


